<?xml version="1.0" encoding="UTF-8"?>
<testng-results skipped="0" failed="0" ignored="0" total="1" passed="1">
  <reporter-output>
  </reporter-output>
  <suite name="Default suite" duration-ms="10426" started-at="2021-09-04T13:45:44 CDT" finished-at="2021-09-04T13:45:55 CDT">
    <groups>
    </groups>
    <test name="Default test" duration-ms="10426" started-at="2021-09-04T13:45:44 CDT" finished-at="2021-09-04T13:45:55 CDT">
      <class name="test.AddCategory_TestPage">
        <test-method status="PASS" signature="AddCategory()[pri:0, instance:test.AddCategory_TestPage@6a79c292]" name="AddCategory" duration-ms="10348" started-at="2021-09-04T13:45:44 CDT" finished-at="2021-09-04T13:45:55 CDT">
          <reporter-output>
          </reporter-output>
        </test-method> <!-- AddCategory -->
      </class> <!-- test.AddCategory_TestPage -->
    </test> <!-- Default test -->
  </suite> <!-- Default suite -->
</testng-results>
